<?xml version="1.0" encoding="UTF-8"?>
<testsuite name="ilias.vw.libs.TestSampleCommon" tests="1" skipped="0" failures="0" errors="0" timestamp="2018-04-16T09:03:10" hostname="MacBook-Pro-van-Ilias.local" time="0.029">
  <properties/>
  <testcase name="testCheckPlatform" classname="ilias.vw.libs.TestSampleCommon" time="0.029"/>
  <system-out><![CDATA[]]></system-out>
  <system-err><![CDATA[]]></system-err>
</testsuite>
