<?xml version="1.0" encoding="UTF-8"?>
<testsuite name="ilias.vw.libs.TestSampleAndroid" tests="1" skipped="0" failures="0" errors="0" timestamp="2018-04-19T06:26:09" hostname="MacBook-Pro-van-Ilias.local" time="0.0">
  <properties/>
  <testcase name="testCheckPlatform" classname="ilias.vw.libs.TestSampleAndroid" time="0.0"/>
  <system-out><![CDATA[]]></system-out>
  <system-err><![CDATA[]]></system-err>
</testsuite>
